C51 COMPILER V9.57.0.0   RHOMEAUTO                                                         01/22/2018 12:59:06 PAGE 1   


C51 COMPILER V9.57.0.0, COMPILATION OF MODULE RHOMEAUTO
OBJECT MODULE PLACED IN .\Objects\RHomeAuto.obj
COMPILER INVOKED BY: C:\Keil_v5\C51\BIN\C51.EXE RHomeAuto.c OPTIMIZE(8,SPEED) BROWSE DEBUG OBJECTEXTEND PRINT(.\Listings
                    -\RHomeAuto.lst) TABS(2) OBJECT(.\Objects\RHomeAuto.obj)

line level    source

   1           #include<reg52.h>
   2          #include<stdio.h>
   3          
   4          //_sbit variable type is used to refer to particular pins of a port
   5          //_ is used with _sbit as _sbit is a keyword(understand it nicely)
   6          sbit b=P0^0;
   7          sbit c=P0^1;
   8          
   9          unsigned int a;
  10          //store the value of the bits in the SBUF reg
  11          
  12          void receive(){
  13   1        TMOD=0X20; //TIMER 1 AUTO RELOAD(8 _BIT AUTO RELOAD)
  14   1        TH1=0XFD; //SET BAUD RATE=9600
  15   1        SCON=0X50;//SET 8 BIT UART MODE
  16   1        TR1=1;//ENABLE TIMER1
  17   1        
  18   1        while(RI==0);//WAIT FOR RECEIVE INTERRUPT TO BECOME 1
  19   1        a=SBUF;//VALUE FROM SBUF STORED IN VARIABLE A
  20   1        RI=0;
  21   1      }
  22          
  23          void main(){
  24   1        P0=0XFF;//SETTING ALL PINS OF PORT0 TO 0;
  25   1        
  26   1        while(1){
  27   2          receive();
  28   2        
  29   2          if(a=='a'){
  30   3            b=1;
  31   3          }
  32   2          
  33   2          if(a=='A'){
  34   3            b=0;
  35   3          }
  36   2      
  37   2          if(a=='b'){
  38   3            c=1;
  39   3          }
  40   2      
  41   2          if(a=='B'){
  42   3            c=0;
  43   3          }
  44   2        }
  45   1      }
  46          //the 'C','c','b','B' are actually the syntax of the app...they are of no such imp logic..it will only swi
             -tch on and off the
  47          //digital signals to the pin
  48          
  49          
  50          //==================================================================
  51          //         CONNECTIONS
  52          //==================================================================
  53          //1.the USBASP programmer connections are easy to made as it has only 6 pins and the corresponding pins in
C51 COMPILER V9.57.0.0   RHOMEAUTO                                                         01/22/2018 12:59:06 PAGE 2   

             - the dev board are 
  54          // clearly marked
  55          //2.the oonnections from the main 220v ac to the bulbs via the plug is clearly drawn in my diary..also the
             - connections to the 
  56          //relay are easily understood by seeing in the diary and it is clearly done..
  57          //3.now the vcc and ground of the relay are connected to any vcc and ground pin of the dev board and the r
             -elay pin 1 of the relay
  58          //are connected to the P0 pin 0 and the relay pin 2 of the relay are connected to the P0 pin 1..
  59          //4.now the connections of the bluetooth module is left..the vcc and ground of the module are connected to
             - the vcc and ground sockets of P3 pin 0
  60          //and the transmission pin of the module is connected to the P3 pin 0 signal socket as it is the bluetooth
             - receiving pin of the board
  61          //with this we finish all the connections of the project


MODULE INFORMATION:   STATIC OVERLAYABLE
   CODE SIZE        =     72    ----
   CONSTANT SIZE    =   ----    ----
   XDATA SIZE       =   ----    ----
   PDATA SIZE       =   ----    ----
   DATA SIZE        =      2    ----
   IDATA SIZE       =   ----    ----
   BIT SIZE         =   ----    ----
END OF MODULE INFORMATION.


C51 COMPILATION COMPLETE.  0 WARNING(S),  0 ERROR(S)
